#
# There is insufficient memory for the Java Runtime Environment to continue.
# Native memory allocation (malloc) failed to allocate 573248 bytes for Chunk::new
# Possible reasons:
#   The system is out of physical RAM or swap space
#   The process is running with CompressedOops enabled, and the Java Heap may be blocking the growth of the native heap
# Possible solutions:
#   Reduce memory load on the system
#   Increase physical memory or swap space
#   Check if swap backing store is full
#   Decrease Java heap size (-Xmx/-Xms)
#   Decrease number of Java threads
#   Decrease Java thread stack sizes (-Xss)
#   Set larger code cache with -XX:ReservedCodeCacheSize=
#   JVM is running with Unscaled Compressed Oops mode in which the Java heap is
#     placed in the first 4GB address space. The Java Heap base address is the
#     maximum limit for the native heap growth. Please use -XX:HeapBaseMinAddress
#     to set the Java Heap base and to place the Java Heap above 4GB virtual address.
# This output file may be truncated or incomplete.
#
#  Out of Memory Error (arena.cpp:189), pid=11260, tid=11308
#
# JRE version: OpenJDK Runtime Environment Temurin-17.0.2+8 (17.0.2+8) (build 17.0.2+8)
# Java VM: OpenJDK 64-Bit Server VM Temurin-17.0.2+8 (17.0.2+8, mixed mode, tiered, compressed oops, compressed class ptrs, parallel gc, windows-amd64)
# No core dump will be written. Minidumps are not enabled by default on client versions of Windows
#

---------------  S U M M A R Y ------------

Command Line: --add-modules=ALL-SYSTEM --add-opens=java.base/java.util=ALL-UNNAMED --add-opens=java.base/java.lang=ALL-UNNAMED --add-opens=java.base/sun.nio.fs=ALL-UNNAMED -Declipse.application=org.eclipse.jdt.ls.core.id1 -Dosgi.bundles.defaultStartLevel=4 -Declipse.product=org.eclipse.jdt.ls.core.product -Djava.import.generatesMetadataFilesAtProjectRoot=false -Dfile.encoding=utf8 -DwatchParentProcess=false -XX:+UseParallelGC -XX:GCTimeRatio=4 -XX:AdaptiveSizePolicyWeight=90 -Dsun.zip.disableMemoryMapping=true -Xmx1G -Xms100m c:\Users\user\.vscode\extensions\redhat.java-1.6.0-win32-x64\server\plugins\org.eclipse.equinox.launcher_1.6.400.v20210924-0641.jar -configuration c:\Users\user\AppData\Roaming\Code\User\globalStorage\redhat.java\1.6.0\config_ss_win -data c:\Users\user\AppData\Roaming\Code\User\workspaceStorage\aae9b8191d5400e654d347f8fe33659e\redhat.java\ss_ws

Host: Intel(R) Core(TM) i5-6300U CPU @ 2.40GHz, 4 cores, 7G,  Windows 10 , 64 bit Build 19041 (10.0.19041.1645)
Time: Thu May  5 16:02:05 2022 Eastern Daylight Time elapsed time: 1.201486 seconds (0d 0h 0m 1s)

---------------  T H R E A D  ---------------

Current thread (0x000001bf410f1c20):  JavaThread "C2 CompilerThread0" daemon [_thread_in_native, id=11308, stack(0x00000074ad600000,0x00000074ad700000)]


Current CompileTask:
C2:   1201  531   !   4       java.util.jar.Attributes::read (498 bytes)

Stack: [0x00000074ad600000,0x00000074ad700000]
Native frames: (J=compiled Java code, j=interpreted, Vv=VM code, C=native code)
V  [jvm.dll+0x67564a]
V  [jvm.dll+0x82fc04]
V  [jvm.dll+0x8313ae]
V  [jvm.dll+0x831a13]
V  [jvm.dll+0x245235]
V  [jvm.dll+0xabd7b]
V  [jvm.dll+0xac30c]
V  [jvm.dll+0x3631f7]
V  [jvm.dll+0x32d891]
V  [jvm.dll+0x32cd3a]
V  [jvm.dll+0x2180d1]
V  [jvm.dll+0x2174f1]
V  [jvm.dll+0x1a3a8d]
V  [jvm.dll+0x226ef8]
V  [jvm.dll+0x22503c]
V  [jvm.dll+0x7e596b]
V  [jvm.dll+0x7dff2a]
V  [jvm.dll+0x6744d5]
C  [ucrtbase.dll+0x21bb2]
C  [KERNEL32.DLL+0x17034]
C  [ntdll.dll+0x52651]


---------------  P R O C E S S  ---------------

Threads class SMR info:
_java_thread_list=0x000001bf42de54f0, length=13, elements={
0x000001bf2d2a2950, 0x000001bf410afb60, 0x000001bf410b09d0, 0x000001bf410c0110,
0x000001bf410c2e90, 0x000001bf410c3b00, 0x000001bf410f1030, 0x000001bf410f1c20,
0x000001bf410f2520, 0x000001bf42b12fb0, 0x000001bf42be9010, 0x000001bf42ccf130,
0x000001bf42edae60
}

Java Threads: ( => current thread )
  0x000001bf2d2a2950 JavaThread "main" [_thread_in_vm, id=13368, stack(0x00000074acd00000,0x00000074ace00000)]
  0x000001bf410afb60 JavaThread "Reference Handler" daemon [_thread_blocked, id=740, stack(0x00000074ad000000,0x00000074ad100000)]
  0x000001bf410b09d0 JavaThread "Finalizer" daemon [_thread_blocked, id=1452, stack(0x00000074ad100000,0x00000074ad200000)]
  0x000001bf410c0110 JavaThread "Signal Dispatcher" daemon [_thread_blocked, id=14464, stack(0x00000074ad200000,0x00000074ad300000)]
  0x000001bf410c2e90 JavaThread "Attach Listener" daemon [_thread_blocked, id=13376, stack(0x00000074ad300000,0x00000074ad400000)]
  0x000001bf410c3b00 JavaThread "Service Thread" daemon [_thread_blocked, id=14016, stack(0x00000074ad400000,0x00000074ad500000)]
  0x000001bf410f1030 JavaThread "Monitor Deflation Thread" daemon [_thread_blocked, id=1412, stack(0x00000074ad500000,0x00000074ad600000)]
=>0x000001bf410f1c20 JavaThread "C2 CompilerThread0" daemon [_thread_in_native, id=11308, stack(0x00000074ad600000,0x00000074ad700000)]
  0x000001bf410f2520 JavaThread "C1 CompilerThread0" daemon [_thread_blocked, id=9132, stack(0x00000074ad700000,0x00000074ad800000)]
  0x000001bf42b12fb0 JavaThread "Sweeper thread" daemon [_thread_blocked, id=14548, stack(0x00000074ad800000,0x00000074ad900000)]
  0x000001bf42be9010 JavaThread "Common-Cleaner" daemon [_thread_blocked, id=4100, stack(0x00000074ad900000,0x00000074ada00000)]
  0x000001bf42ccf130 JavaThread "Notification Thread" daemon [_thread_blocked, id=13448, stack(0x00000074ada00000,0x00000074adb00000)]
  0x000001bf42edae60 JavaThread "C2 CompilerThread1" daemon [_thread_blocked, id=3900, stack(0x00000074adc00000,0x00000074add00000)]

Other Threads:
  0x000001bf410953a0 VMThread "VM Thread" [stack: 0x00000074acf00000,0x00000074ad000000] [id=8384]
  0x000001bf42ccf600 WatcherThread [stack: 0x00000074adb00000,0x00000074adc00000] [id=12560]
  0x000001bf2d2b94f0 GCTaskThread "GC Thread#0" [stack: 0x00000074ace00000,0x00000074acf00000] [id=10896]

Threads with active compile tasks:
C2 CompilerThread0     1243  531   !   4       java.util.jar.Attributes::read (498 bytes)

VM state: not at safepoint (normal execution)

VM Mutex/Monitor currently owned by a thread:  ([mutex/lock_event])
[0x000001bf2b16bb20] Metaspace_lock - owner thread: 0x000001bf2d2a2950

Heap address: 0x00000000c0000000, size: 1024 MB, Compressed Oops mode: 32-bit

CDS archive(s) not mapped
Compressed class space mapped at: 0x0000000100000000-0x0000000140000000, reserved size: 1073741824
Narrow klass base: 0x0000000000000000, Narrow klass shift: 3, Narrow klass range: 0x140000000

GC Precious Log:
 CPUs: 4 total, 4 available
 Memory: 7862M
 Large Page Support: Disabled
 NUMA Support: Disabled
 Compressed Oops: Enabled (32-bit)
 Alignments: Space 512K, Generation 512K, Heap 2M
 Heap Min Capacity: 100M
 Heap Initial Capacity: 100M
 Heap Max Capacity: 1G
 Pre-touch: Disabled
 Parallel Workers: 4

Heap:
 PSYoungGen      total 29696K, used 11679K [0x00000000eab00000, 0x00000000ecc00000, 0x0000000100000000)
  eden space 25600K, 45% used [0x00000000eab00000,0x00000000eb667ce8,0x00000000ec400000)
  from space 4096K, 0% used [0x00000000ec800000,0x00000000ec800000,0x00000000ecc00000)
  to   space 4096K, 0% used [0x00000000ec400000,0x00000000ec400000,0x00000000ec800000)
 ParOldGen       total 68608K, used 0K [0x00000000c0000000, 0x00000000c4300000, 0x00000000eab00000)
  object space 68608K, 0% used [0x00000000c0000000,0x00000000c0000000,0x00000000c4300000)
 Metaspace       used 9138K, committed 9216K, reserved 1064960K
  class space    used 907K, committed 960K, reserved 1048576K

Card table byte_map: [0x000001bf2cc60000,0x000001bf2ce70000] _byte_map_base: 0x000001bf2c660000

Marking Bits: (ParMarkBitMap*) 0x00007ffd49bf3af0
 Begin Bits: [0x000001bf3ef20000, 0x000001bf3ff20000)
 End Bits:   [0x000001bf3ff20000, 0x000001bf40f20000)

Polling page: 0x000001bf2b2a0000

Metaspace:

Usage:
  Non-class:      8.04 MB used.
      Class:    907.53 KB used.
       Both:      8.92 MB used.

Virtual space:
  Non-class space:       16.00 MB reserved,       8.06 MB ( 50%) committed,  2 nodes.
      Class space:        1.00 GB reserved,     960.00 KB ( <1%) committed,  1 nodes.
             Both:        1.02 GB reserved,       9.00 MB ( <1%) committed. 

Chunk freelists:
   Non-Class:  3.86 MB
       Class:  2.97 MB
        Both:  6.83 MB

MaxMetaspaceSize: unlimited
CompressedClassSpaceSize: 1.00 GB
Initial GC threshold: 21.00 MB
Current GC threshold: 21.00 MB
CDS: off
MetaspaceReclaimPolicy: balanced
 - commit_granule_bytes: 65536.
 - commit_granule_words: 8192.
 - virtual_space_node_default_size: 1048576.
 - enlarge_chunks_in_place: 1.
 - new_chunks_are_fully_committed: 0.
 - uncommit_free_chunks: 1.
 - use_allocation_guard: 0.
 - handle_deallocations: 1.


Internal statistics:

num_allocs_failed_limit: 0.
num_arena_births: 12.
num_arena_deaths: 0.
num_vsnodes_births: 3.
num_vsnodes_deaths: 0.
num_space_committed: 144.
num_space_uncommitted: 0.
num_chunks_returned_to_freelist: 0.
num_chunks_taken_from_freelist: 53.
num_chunk_merges: 0.
num_chunk_splits: 24.
num_chunks_enlarged: 16.
num_purges: 0.
num_inconsistent_stats: 0.

CodeHeap 'non-profiled nmethods': size=120000Kb used=188Kb max_used=188Kb free=119811Kb
 bounds [0x000001bf379f0000, 0x000001bf37c60000, 0x000001bf3ef20000]
CodeHeap 'profiled nmethods': size=120000Kb used=943Kb max_used=943Kb free=119056Kb
 bounds [0x000001bf304c0000, 0x000001bf30730000, 0x000001bf379f0000]
CodeHeap 'non-nmethods': size=5760Kb used=1126Kb max_used=1140Kb free=4633Kb
 bounds [0x000001bf2ff20000, 0x000001bf30190000, 0x000001bf304c0000]
 total_blobs=1002 nmethods=587 adapters=330
 compilation: enabled
              stopped_count=0, restarted_count=0
 full_count=0

Compilation events (20 events):
Event: 1.163 Thread 0x000001bf42edae60  547       4       java.util.HashMap::getNode (150 bytes)
Event: 1.165 Thread 0x000001bf410f2520  551       3       sun.security.util.DerOutputStream::putLength (147 bytes)
Event: 1.166 Thread 0x000001bf410f2520 nmethod 551 0x000001bf3059fe90 code [0x000001bf305a0260, 0x000001bf305a2628]
Event: 1.166 Thread 0x000001bf410f2520  552       3       sun.security.util.DerOutputStream::<init> (5 bytes)
Event: 1.167 Thread 0x000001bf410f2520 nmethod 552 0x000001bf305a3590 code [0x000001bf305a3740, 0x000001bf305a38e8]
Event: 1.167 Thread 0x000001bf410f2520  553       1       java.security.Provider$Service::getClassName (5 bytes)
Event: 1.167 Thread 0x000001bf410f2520 nmethod 553 0x000001bf37a1bd90 code [0x000001bf37a1bf20, 0x000001bf37a1bff8]
Event: 1.167 Thread 0x000001bf410f2520  555       1       sun.security.x509.X509AttributeName::getSuffix (5 bytes)
Event: 1.167 Thread 0x000001bf410f2520 nmethod 555 0x000001bf37a1c090 code [0x000001bf37a1c220, 0x000001bf37a1c2f8]
Event: 1.167 Thread 0x000001bf410f2520  556       1       sun.security.x509.X509AttributeName::getPrefix (5 bytes)
Event: 1.168 Thread 0x000001bf410f2520 nmethod 556 0x000001bf37a1c390 code [0x000001bf37a1c520, 0x000001bf37a1c5f8]
Event: 1.168 Thread 0x000001bf42edae60 nmethod 547 0x000001bf37a1c690 code [0x000001bf37a1c820, 0x000001bf37a1cab8]
Event: 1.168 Thread 0x000001bf42edae60  554       4       java.math.BigInteger::addOne (77 bytes)
Event: 1.168 Thread 0x000001bf410f2520  557       3       sun.security.provider.DigestBase::implCompressMultiBlock0 (23 bytes)
Event: 1.168 Thread 0x000001bf410f2520 nmethod 557 0x000001bf305a3990 code [0x000001bf305a3b40, 0x000001bf305a3de8]
Event: 1.170 Thread 0x000001bf42edae60 nmethod 554 0x000001bf37a1cd10 code [0x000001bf37a1ce80, 0x000001bf37a1cfd8]
Event: 1.170 Thread 0x000001bf42edae60  550       4       java.util.jar.Manifest$FastInputStream::peek (38 bytes)
Event: 1.171 Thread 0x000001bf42edae60 nmethod 550 0x000001bf37a1d110 code [0x000001bf37a1d280, 0x000001bf37a1d358]
Event: 1.172 Thread 0x000001bf410f2520  558       3       java.lang.StringLatin1::regionMatchesCI (98 bytes)
Event: 1.173 Thread 0x000001bf410f2520 nmethod 558 0x000001bf305a3f10 code [0x000001bf305a4140, 0x000001bf305a4878]

GC Heap History (0 events):
No events

Deoptimization events (20 events):
Event: 1.154 Thread 0x000001bf2d2a2950 DEOPT PACKING pc=0x000001bf30570500 sp=0x00000074acdfdba0
Event: 1.154 Thread 0x000001bf2d2a2950 DEOPT UNPACKING pc=0x000001bf2ff72843 sp=0x00000074acdfd010 mode 0
Event: 1.154 Thread 0x000001bf2d2a2950 DEOPT PACKING pc=0x000001bf30570500 sp=0x00000074acdfdba0
Event: 1.154 Thread 0x000001bf2d2a2950 DEOPT UNPACKING pc=0x000001bf2ff72843 sp=0x00000074acdfd010 mode 0
Event: 1.154 Thread 0x000001bf2d2a2950 DEOPT PACKING pc=0x000001bf30570500 sp=0x00000074acdfdba0
Event: 1.154 Thread 0x000001bf2d2a2950 DEOPT UNPACKING pc=0x000001bf2ff72843 sp=0x00000074acdfd010 mode 0
Event: 1.155 Thread 0x000001bf2d2a2950 DEOPT PACKING pc=0x000001bf30570500 sp=0x00000074acdfdba0
Event: 1.155 Thread 0x000001bf2d2a2950 DEOPT UNPACKING pc=0x000001bf2ff72843 sp=0x00000074acdfd010 mode 0
Event: 1.155 Thread 0x000001bf2d2a2950 DEOPT PACKING pc=0x000001bf30570500 sp=0x00000074acdfdba0
Event: 1.155 Thread 0x000001bf2d2a2950 DEOPT UNPACKING pc=0x000001bf2ff72843 sp=0x00000074acdfd010 mode 0
Event: 1.155 Thread 0x000001bf2d2a2950 DEOPT PACKING pc=0x000001bf30570500 sp=0x00000074acdfdba0
Event: 1.155 Thread 0x000001bf2d2a2950 DEOPT UNPACKING pc=0x000001bf2ff72843 sp=0x00000074acdfd010 mode 0
Event: 1.156 Thread 0x000001bf2d2a2950 DEOPT PACKING pc=0x000001bf30570500 sp=0x00000074acdfdba0
Event: 1.156 Thread 0x000001bf2d2a2950 DEOPT UNPACKING pc=0x000001bf2ff72843 sp=0x00000074acdfd010 mode 0
Event: 1.156 Thread 0x000001bf2d2a2950 DEOPT PACKING pc=0x000001bf30570500 sp=0x00000074acdfdba0
Event: 1.156 Thread 0x000001bf2d2a2950 DEOPT UNPACKING pc=0x000001bf2ff72843 sp=0x00000074acdfd010 mode 0
Event: 1.156 Thread 0x000001bf2d2a2950 DEOPT PACKING pc=0x000001bf30570500 sp=0x00000074acdfdba0
Event: 1.156 Thread 0x000001bf2d2a2950 DEOPT UNPACKING pc=0x000001bf2ff72843 sp=0x00000074acdfd010 mode 0
Event: 1.157 Thread 0x000001bf2d2a2950 DEOPT PACKING pc=0x000001bf30570500 sp=0x00000074acdfdba0
Event: 1.157 Thread 0x000001bf2d2a2950 DEOPT UNPACKING pc=0x000001bf2ff72843 sp=0x00000074acdfd010 mode 0

Classes unloaded (0 events):
No events

Classes redefined (0 events):
No events

Internal exceptions (7 events):
Event: 0.428 Thread 0x000001bf2d2a2950 Exception <a 'java/lang/NoSuchMethodError'{0x00000000eacb2048}: 'void java.lang.invoke.DirectMethodHandle$Holder.invokeStatic(java.lang.Object, java.lang.Object, java.lang.Object)'> (0x00000000eacb2048) 
thrown [e:\jenkins\tmp\workspace\build\src\src\hotspot\share\interpreter\linkResolver.cpp, line 766]
Event: 0.858 Thread 0x000001bf2d2a2950 Exception <a 'java/lang/ClassNotFoundException'{0x00000000eaf79008}: sun/net/www/protocol/c/Handler> (0x00000000eaf79008) 
thrown [e:\jenkins\tmp\workspace\build\src\src\hotspot\share\classfile\systemDictionary.cpp, line 256]
Event: 0.870 Thread 0x000001bf2d2a2950 Exception <a 'java/io/FileNotFoundException'{0x00000000eaf878e0}> (0x00000000eaf878e0) 
thrown [e:\jenkins\tmp\workspace\build\src\src\hotspot\share\prims\jni.cpp, line 516]
Event: 0.871 Thread 0x000001bf2d2a2950 Exception <a 'java/io/FileNotFoundException'{0x00000000eaf885d8}> (0x00000000eaf885d8) 
thrown [e:\jenkins\tmp\workspace\build\src\src\hotspot\share\prims\jni.cpp, line 516]
Event: 0.871 Thread 0x000001bf2d2a2950 Exception <a 'java/io/FileNotFoundException'{0x00000000eaf892b0}> (0x00000000eaf892b0) 
thrown [e:\jenkins\tmp\workspace\build\src\src\hotspot\share\prims\jni.cpp, line 516]
Event: 0.871 Thread 0x000001bf2d2a2950 Exception <a 'java/io/FileNotFoundException'{0x00000000eaf89f60}> (0x00000000eaf89f60) 
thrown [e:\jenkins\tmp\workspace\build\src\src\hotspot\share\prims\jni.cpp, line 516]
Event: 0.925 Thread 0x000001bf2d2a2950 Exception <a 'java/io/FileNotFoundException'{0x00000000eafab660}> (0x00000000eafab660) 
thrown [e:\jenkins\tmp\workspace\build\src\src\hotspot\share\prims\jni.cpp, line 516]

VM Operations (2 events):
Event: 0.439 Executing VM operation: HandshakeAllThreads
Event: 0.439 Executing VM operation: HandshakeAllThreads done

Events (20 events):
Event: 1.097 loading class jdk/internal/org/objectweb/asm/Edge
Event: 1.097 loading class jdk/internal/org/objectweb/asm/Edge done
Event: 1.101 loading class java/lang/reflect/Proxy$ProxyBuilder$1
Event: 1.101 loading class java/lang/reflect/Proxy$ProxyBuilder$1 done
Event: 1.102 loading class java/lang/annotation/Target
Event: 1.102 loading class java/lang/annotation/Target done
Event: 1.109 loading class java/lang/ClassFormatError
Event: 1.109 loading class java/lang/ClassFormatError done
Event: 1.114 loading class java/util/NoSuchElementException
Event: 1.114 loading class java/util/NoSuchElementException done
Event: 1.123 loading class java/io/Reader
Event: 1.123 loading class java/io/Reader done
Event: 1.123 loading class java/io/InputStreamReader
Event: 1.123 loading class java/io/InputStreamReader done
Event: 1.124 loading class java/net/URLClassLoader$2
Event: 1.124 loading class java/net/URLClassLoader$2 done
Event: 1.138 loading class sun/net/www/protocol/jar/URLJarFile$URLJarFileEntry
Event: 1.139 loading class sun/net/www/protocol/jar/URLJarFile$URLJarFileEntry done
Event: 1.139 loading class sun/net/www/protocol/jar/JarURLConnection$JarURLInputStream
Event: 1.139 loading class sun/net/www/protocol/jar/JarURLConnection$JarURLInputStream done


Dynamic libraries:
0x00007ff75bf40000 - 0x00007ff75bf4e000 	c:\Users\user\.vscode\extensions\redhat.java-1.6.0-win32-x64\jre\17.0.2-win32-x86_64\bin\java.exe
0x00007ffdcd090000 - 0x00007ffdcd285000 	C:\WINDOWS\SYSTEM32\ntdll.dll
0x00007ffdcbf20000 - 0x00007ffdcbfde000 	C:\WINDOWS\System32\KERNEL32.DLL
0x00007ffdcaad0000 - 0x00007ffdcad98000 	C:\WINDOWS\System32\KERNELBASE.dll
0x00007ffdc8030000 - 0x00007ffdc80c0000 	C:\WINDOWS\SYSTEM32\apphelp.dll
0x00007ffdcaf00000 - 0x00007ffdcb000000 	C:\WINDOWS\System32\ucrtbase.dll
0x00007ffdbd1f0000 - 0x00007ffdbd208000 	c:\Users\user\.vscode\extensions\redhat.java-1.6.0-win32-x64\jre\17.0.2-win32-x86_64\bin\jli.dll
0x00007ffdcc970000 - 0x00007ffdccb10000 	C:\WINDOWS\System32\USER32.dll
0x00007ffdcb0c0000 - 0x00007ffdcb0e2000 	C:\WINDOWS\System32\win32u.dll
0x00007ffdcc1e0000 - 0x00007ffdcc20a000 	C:\WINDOWS\System32\GDI32.dll
0x00007ffdca7b0000 - 0x00007ffdca8bb000 	C:\WINDOWS\System32\gdi32full.dll
0x00007ffdca8c0000 - 0x00007ffdca95d000 	C:\WINDOWS\System32\msvcp_win.dll
0x00007ffdbcdf0000 - 0x00007ffdbce09000 	c:\Users\user\.vscode\extensions\redhat.java-1.6.0-win32-x64\jre\17.0.2-win32-x86_64\bin\VCRUNTIME140.dll
0x00007ffdb6d60000 - 0x00007ffdb6ffa000 	C:\WINDOWS\WinSxS\amd64_microsoft.windows.common-controls_6595b64144ccf1df_6.0.19041.1110_none_60b5254171f9507e\COMCTL32.dll
0x00007ffdcb980000 - 0x00007ffdcba1e000 	C:\WINDOWS\System32\msvcrt.dll
0x00007ffdcba80000 - 0x00007ffdcbab0000 	C:\WINDOWS\System32\IMM32.DLL
0x00007ffdc6650000 - 0x00007ffdc665c000 	c:\Users\user\.vscode\extensions\redhat.java-1.6.0-win32-x64\jre\17.0.2-win32-x86_64\bin\vcruntime140_1.dll
0x00007ffd9c7e0000 - 0x00007ffd9c871000 	c:\Users\user\.vscode\extensions\redhat.java-1.6.0-win32-x64\jre\17.0.2-win32-x86_64\bin\msvcp140.dll
0x00007ffd49070000 - 0x00007ffd49cb7000 	c:\Users\user\.vscode\extensions\redhat.java-1.6.0-win32-x64\jre\17.0.2-win32-x86_64\bin\server\jvm.dll
0x00007ffdcc660000 - 0x00007ffdcc70e000 	C:\WINDOWS\System32\ADVAPI32.dll
0x00007ffdccc40000 - 0x00007ffdcccdc000 	C:\WINDOWS\System32\sechost.dll
0x00007ffdcc710000 - 0x00007ffdcc835000 	C:\WINDOWS\System32\RPCRT4.dll
0x00007ffdccc30000 - 0x00007ffdccc38000 	C:\WINDOWS\System32\PSAPI.DLL
0x00007ffdb40b0000 - 0x00007ffdb40b9000 	C:\WINDOWS\SYSTEM32\WSOCK32.dll
0x00007ffdcc170000 - 0x00007ffdcc1db000 	C:\WINDOWS\System32\WS2_32.dll
0x00007ffdbb3e0000 - 0x00007ffdbb407000 	C:\WINDOWS\SYSTEM32\WINMM.dll
0x00007ffdc0970000 - 0x00007ffdc097a000 	C:\WINDOWS\SYSTEM32\VERSION.dll
0x00007ffdc86d0000 - 0x00007ffdc86e2000 	C:\WINDOWS\SYSTEM32\kernel.appcore.dll
0x00007ffdc5d00000 - 0x00007ffdc5d0a000 	c:\Users\user\.vscode\extensions\redhat.java-1.6.0-win32-x64\jre\17.0.2-win32-x86_64\bin\jimage.dll
0x00007ffdc2f20000 - 0x00007ffdc3104000 	C:\WINDOWS\SYSTEM32\DBGHELP.DLL
0x00007ffdc2e90000 - 0x00007ffdc2ebc000 	C:\WINDOWS\SYSTEM32\dbgcore.DLL
0x00007ffdca960000 - 0x00007ffdca9e2000 	C:\WINDOWS\System32\bcryptPrimitives.dll
0x00007ffdabba0000 - 0x00007ffdabbc5000 	c:\Users\user\.vscode\extensions\redhat.java-1.6.0-win32-x64\jre\17.0.2-win32-x86_64\bin\java.dll
0x00007ffdb8350000 - 0x00007ffdb8368000 	c:\Users\user\.vscode\extensions\redhat.java-1.6.0-win32-x64\jre\17.0.2-win32-x86_64\bin\zip.dll
0x00007ffdcb0f0000 - 0x00007ffdcb834000 	C:\WINDOWS\System32\SHELL32.dll
0x00007ffdc88d0000 - 0x00007ffdc9064000 	C:\WINDOWS\SYSTEM32\windows.storage.dll
0x00007ffdcc280000 - 0x00007ffdcc5d4000 	C:\WINDOWS\System32\combase.dll
0x00007ffdca140000 - 0x00007ffdca16c000 	C:\WINDOWS\SYSTEM32\Wldp.dll
0x00007ffdcbfe0000 - 0x00007ffdcc08d000 	C:\WINDOWS\System32\SHCORE.dll
0x00007ffdcc910000 - 0x00007ffdcc965000 	C:\WINDOWS\System32\shlwapi.dll
0x00007ffdca6f0000 - 0x00007ffdca70f000 	C:\WINDOWS\SYSTEM32\profapi.dll
0x00007ffdb4a00000 - 0x00007ffdb4a19000 	C:\Users\user\.vscode\extensions\redhat.java-1.6.0-win32-x64\jre\17.0.2-win32-x86_64\bin\net.dll
0x00007ffdbad10000 - 0x00007ffdbae1a000 	C:\WINDOWS\SYSTEM32\WINHTTP.dll
0x00007ffdc9eb0000 - 0x00007ffdc9f1a000 	C:\WINDOWS\system32\mswsock.dll
0x00007ffdb1200000 - 0x00007ffdb1215000 	C:\Users\user\.vscode\extensions\redhat.java-1.6.0-win32-x64\jre\17.0.2-win32-x86_64\bin\nio.dll

dbghelp: loaded successfully - version: 4.0.5 - missing functions: none
symbol engine: initialized successfully - sym options: 0x614 - pdb path: .;c:\Users\user\.vscode\extensions\redhat.java-1.6.0-win32-x64\jre\17.0.2-win32-x86_64\bin;C:\WINDOWS\SYSTEM32;C:\WINDOWS\WinSxS\amd64_microsoft.windows.common-controls_6595b64144ccf1df_6.0.19041.1110_none_60b5254171f9507e;c:\Users\user\.vscode\extensions\redhat.java-1.6.0-win32-x64\jre\17.0.2-win32-x86_64\bin\server

VM Arguments:
jvm_args: --add-modules=ALL-SYSTEM --add-opens=java.base/java.util=ALL-UNNAMED --add-opens=java.base/java.lang=ALL-UNNAMED --add-opens=java.base/sun.nio.fs=ALL-UNNAMED -Declipse.application=org.eclipse.jdt.ls.core.id1 -Dosgi.bundles.defaultStartLevel=4 -Declipse.product=org.eclipse.jdt.ls.core.product -Djava.import.generatesMetadataFilesAtProjectRoot=false -Dfile.encoding=utf8 -DwatchParentProcess=false -XX:+UseParallelGC -XX:GCTimeRatio=4 -XX:AdaptiveSizePolicyWeight=90 -Dsun.zip.disableMemoryMapping=true -Xmx1G -Xms100m 
java_command: c:\Users\user\.vscode\extensions\redhat.java-1.6.0-win32-x64\server\plugins\org.eclipse.equinox.launcher_1.6.400.v20210924-0641.jar -configuration c:\Users\user\AppData\Roaming\Code\User\globalStorage\redhat.java\1.6.0\config_ss_win -data c:\Users\user\AppData\Roaming\Code\User\workspaceStorage\aae9b8191d5400e654d347f8fe33659e\redhat.java\ss_ws
java_class_path (initial): c:\Users\user\.vscode\extensions\redhat.java-1.6.0-win32-x64\server\plugins\org.eclipse.equinox.launcher_1.6.400.v20210924-0641.jar
Launcher Type: SUN_STANDARD

[Global flags]
    uintx AdaptiveSizePolicyWeight                 = 90                                        {product} {command line}
     intx CICompilerCount                          = 3                                         {product} {ergonomic}
    uintx GCTimeRatio                              = 4                                         {product} {command line}
   size_t InitialHeapSize                          = 104857600                                 {product} {command line}
   size_t MaxHeapSize                              = 1073741824                                {product} {command line}
   size_t MaxNewSize                               = 357564416                                 {product} {ergonomic}
   size_t MinHeapDeltaBytes                        = 524288                                    {product} {ergonomic}
   size_t MinHeapSize                              = 104857600                                 {product} {command line}
   size_t NewSize                                  = 34603008                                  {product} {ergonomic}
    uintx NonNMethodCodeHeapSize                   = 5832780                                {pd product} {ergonomic}
    uintx NonProfiledCodeHeapSize                  = 122912730                              {pd product} {ergonomic}
   size_t OldSize                                  = 70254592                                  {product} {ergonomic}
    uintx ProfiledCodeHeapSize                     = 122912730                              {pd product} {ergonomic}
    uintx ReservedCodeCacheSize                    = 251658240                              {pd product} {ergonomic}
     bool SegmentedCodeCache                       = true                                      {product} {ergonomic}
   size_t SoftMaxHeapSize                          = 1073741824                             {manageable} {ergonomic}
     bool UseCompressedClassPointers               = true                           {product lp64_product} {ergonomic}
     bool UseCompressedOops                        = true                           {product lp64_product} {ergonomic}
     bool UseLargePagesIndividualAllocation        = false                                  {pd product} {ergonomic}
     bool UseParallelGC                            = true                                      {product} {command line}

Logging:
Log output configuration:
 #0: stdout all=warning uptime,level,tags
 #1: stderr all=off uptime,level,tags

Environment Variables:
JAVA_HOME=C:\Program Files\Java\jdk-11.0.15
PATH=C:\Program Files\Common Files\Oracle\Java\javapath;C:\Program Files (x86)\Common Files\Oracle\Java\javapath;C:\Program Files (x86)\NVIDIA Corporation\PhysX\Common;C:\ProgramData\Oracle\Java\javapath;C:\WINDOWS\system32;C:\WINDOWS;C:\WINDOWS\System32\Wbem;C:\WINDOWS\System32\WindowsPowerShell\v1.0\;C:\Program Files (x86)\Skype\Phone\;C:\Program Files\WIDCOMM\Bluetooth Software\;C:\Program Files\WIDCOMM\Bluetooth Software\syswow64;C:\WINDOWS\System32\OpenSSH\;C:\Program Files (x86)\Intel\Intel(R) Management Engine Components\DAL;C:\Program Files\Intel\Intel(R) Management Engine Components\DAL;C:\Program Files (x86)\nodejs\;C:\Program Files\Java\jdk-11.0.15\bin;C:\Program Files\apache-maven-3.8.5\bin;C:\Users\user\AppData\Local\Microsoft\WindowsApps;C:\Users\user\AppData\Local\Programs\Git\cmd;C:\Users\user\AppData\Local\Programs\Microsoft VS Code\bin;C:\Users\user\AppData\Roaming\npm
USERNAME=user
OS=Windows_NT
PROCESSOR_IDENTIFIER=Intel64 Family 6 Model 78 Stepping 3, GenuineIntel



---------------  S Y S T E M  ---------------

OS:
 Windows 10 , 64 bit Build 19041 (10.0.19041.1645)
OS uptime: 2 days 4:12 hours

CPU: total 4 (initial active 4) (2 cores per cpu, 2 threads per core) family 6 model 78 stepping 3 microcode 0xea, cx8, cmov, fxsr, ht, mmx, 3dnowpref, sse, sse2, sse3, ssse3, sse4.1, sse4.2, popcnt, lzcnt, tsc, tscinvbit, avx, avx2, aes, erms, clmul, bmi1, bmi2, rtm, adx, fma, vzeroupper, clflush, clflushopt

Memory: 4k page, system-wide physical 7862M (1010M free)
TotalPageFile size 11862M (AvailPageFile size 0M)
current process WorkingSet (physical memory assigned to process): 53M, peak: 53M
current process commit charge ("private bytes"): 181M, peak: 182M

vm_info: OpenJDK 64-Bit Server VM (17.0.2+8) for windows-amd64 JRE (17.0.2+8), built on Jan 20 2022 04:52:34 by "" with MS VC++ 16.7 (VS2019)

END.
